#
# There is insufficient memory for the Java Runtime Environment to continue.
# Native memory allocation (malloc) failed to allocate 32744 bytes for ChunkPool::allocate
# Possible reasons:
#   The system is out of physical RAM or swap space
#   The process is running with CompressedOops enabled, and the Java Heap may be blocking the growth of the native heap
# Possible solutions:
#   Reduce memory load on the system
#   Increase physical memory or swap space
#   Check if swap backing store is full
#   Decrease Java heap size (-Xmx/-Xms)
#   Decrease number of Java threads
#   Decrease Java thread stack sizes (-Xss)
#   Set larger code cache with -XX:ReservedCodeCacheSize=
#   JVM is running with Unscaled Compressed Oops mode in which the Java heap is
#     placed in the first 4GB address space. The Java Heap base address is the
#     maximum limit for the native heap growth. Please use -XX:HeapBaseMinAddress
#     to set the Java Heap base and to place the Java Heap above 4GB virtual address.
# This output file may be truncated or incomplete.
#
#  Out of Memory Error (arena.cpp:78), pid=12864, tid=17524
#
# JRE version: OpenJDK Runtime Environment (17.0.7+7) (build 17.0.7+7-LTS)
# Java VM: OpenJDK 64-Bit Server VM (17.0.7+7-LTS, mixed mode, sharing, tiered, compressed oops, compressed class ptrs, g1 gc, windows-amd64)
# No core dump will be written. Minidumps are not enabled by default on client versions of Windows
#

---------------  S U M M A R Y ------------

Command Line: --add-opens=java.base/java.util=ALL-UNNAMED --add-opens=java.base/java.lang=ALL-UNNAMED --add-opens=java.base/java.lang.invoke=ALL-UNNAMED --add-opens=java.prefs/java.util.prefs=ALL-UNNAMED --add-opens=java.base/java.nio.charset=ALL-UNNAMED --add-opens=java.base/java.net=ALL-UNNAMED --add-opens=java.base/java.util.concurrent.atomic=ALL-UNNAMED -Xmx2048m -Dfile.encoding=UTF-8 -Duser.country=ES -Duser.language=es -Duser.variant org.gradle.launcher.daemon.bootstrap.GradleDaemon 8.0

Host: 11th Gen Intel(R) Core(TM) i5-11400H @ 2.70GHz, 12 cores, 7G,  Windows 11 , 64 bit Build 22621 (10.0.22621.1635)
Time: Mon Jun  5 22:58:37 2023 Hora est. Pacífico, Sudamérica elapsed time: 30.754446 seconds (0d 0h 0m 30s)

---------------  T H R E A D  ---------------

Current thread (0x0000026c5b78e9c0):  JavaThread "C2 CompilerThread0" daemon [_thread_in_native, id=17524, stack(0x000000eddec00000,0x000000edded00000)]


Current CompileTask:
C2:  30755 5174       4       com.esotericsoftware.kryo.io.Input::readString (127 bytes)

Stack: [0x000000eddec00000,0x000000edded00000]
Native frames: (J=compiled Java code, j=interpreted, Vv=VM code, C=native code)
V  [jvm.dll+0x64b0fa]
V  [jvm.dll+0x7fe974]
V  [jvm.dll+0x80012e]
V  [jvm.dll+0x800783]
V  [jvm.dll+0x23682b]
V  [jvm.dll+0xbd4d8]
V  [jvm.dll+0xbd89c]
V  [jvm.dll+0x62a808]
V  [jvm.dll+0x56518a]
V  [jvm.dll+0x550cda]
V  [jvm.dll+0x552d52]
V  [jvm.dll+0x552731]
V  [jvm.dll+0x552610]
V  [jvm.dll+0x55a1e0]
V  [jvm.dll+0x212f5b]
V  [jvm.dll+0x20c29f]
V  [jvm.dll+0x209f72]
V  [jvm.dll+0x19a07d]
V  [jvm.dll+0x21947d]
V  [jvm.dll+0x2176c4]
V  [jvm.dll+0x7b78ab]
V  [jvm.dll+0x7b1e5a]
V  [jvm.dll+0x649f65]
C  [ucrtbase.dll+0x29363]
C  [KERNEL32.DLL+0x126ad]
C  [ntdll.dll+0x5a9f8]


---------------  P R O C E S S  ---------------

Threads class SMR info:
_java_thread_list=0x0000026c62d7f8f0, length=48, elements={
0x0000026c3bb35cf0, 0x0000026c5b771a90, 0x0000026c5b772550, 0x0000026c5b7870b0,
0x0000026c5b788a80, 0x0000026c5b78b450, 0x0000026c5b78bd10, 0x0000026c5b78e9c0,
0x0000026c5b791380, 0x0000026c5b799c90, 0x0000026c5ba1a6c0, 0x0000026c5ba1cfb0,
0x0000026c6152f2b0, 0x0000026c61129820, 0x0000026c6120a7b0, 0x0000026c6164f450,
0x0000026c61638020, 0x0000026c6125cfc0, 0x0000026c614a2400, 0x0000026c614b4420,
0x0000026c614b3f50, 0x0000026c614b5c30, 0x0000026c614b6100, 0x0000026c614b4dc0,
0x0000026c614b48f0, 0x0000026c614b5290, 0x0000026c614b2740, 0x0000026c614b2c10,
0x0000026c614b5760, 0x0000026c614b30e0, 0x0000026c614b35b0, 0x0000026c614b3a80,
0x0000026c631b5be0, 0x0000026c631b2bc0, 0x0000026c631b43d0, 0x0000026c631b0070,
0x0000026c631b6a50, 0x0000026c631b13b0, 0x0000026c631b1880, 0x0000026c631b48a0,
0x0000026c631b3a30, 0x0000026c631b4d70, 0x0000026c631b0540, 0x0000026c631b6f20,
0x0000026c631b0ee0, 0x0000026c631b2220, 0x0000026c631b6580, 0x0000026c631b60b0
}

Java Threads: ( => current thread )
  0x0000026c3bb35cf0 JavaThread "main" [_thread_blocked, id=27112, stack(0x000000edddf00000,0x000000edde000000)]
  0x0000026c5b771a90 JavaThread "Reference Handler" daemon [_thread_blocked, id=30172, stack(0x000000edde600000,0x000000edde700000)]
  0x0000026c5b772550 JavaThread "Finalizer" daemon [_thread_blocked, id=24100, stack(0x000000edde700000,0x000000edde800000)]
  0x0000026c5b7870b0 JavaThread "Signal Dispatcher" daemon [_thread_blocked, id=30260, stack(0x000000edde800000,0x000000edde900000)]
  0x0000026c5b788a80 JavaThread "Attach Listener" daemon [_thread_blocked, id=27144, stack(0x000000edde900000,0x000000eddea00000)]
  0x0000026c5b78b450 JavaThread "Service Thread" daemon [_thread_blocked, id=28928, stack(0x000000eddea00000,0x000000eddeb00000)]
  0x0000026c5b78bd10 JavaThread "Monitor Deflation Thread" daemon [_thread_blocked, id=24932, stack(0x000000eddeb00000,0x000000eddec00000)]
=>0x0000026c5b78e9c0 JavaThread "C2 CompilerThread0" daemon [_thread_in_native, id=17524, stack(0x000000eddec00000,0x000000edded00000)]
  0x0000026c5b791380 JavaThread "C1 CompilerThread0" daemon [_thread_in_native, id=15784, stack(0x000000edded00000,0x000000eddee00000)]
  0x0000026c5b799c90 JavaThread "Sweeper thread" daemon [_thread_blocked, id=15688, stack(0x000000eddee00000,0x000000eddef00000)]
  0x0000026c5ba1a6c0 JavaThread "Common-Cleaner" daemon [_thread_blocked, id=14268, stack(0x000000eddef00000,0x000000eddf000000)]
  0x0000026c5ba1cfb0 JavaThread "Notification Thread" daemon [_thread_blocked, id=18644, stack(0x000000eddf000000,0x000000eddf100000)]
  0x0000026c6152f2b0 JavaThread "Daemon health stats" [_thread_blocked, id=17700, stack(0x000000eddf600000,0x000000eddf700000)]
  0x0000026c61129820 JavaThread "Incoming local TCP Connector on port 52676" [_thread_in_native, id=28752, stack(0x000000eddf700000,0x000000eddf800000)]
  0x0000026c6120a7b0 JavaThread "Daemon periodic checks" [_thread_blocked, id=29128, stack(0x000000eddf800000,0x000000eddf900000)]
  0x0000026c6164f450 JavaThread "Daemon" [_thread_blocked, id=12204, stack(0x000000eddf900000,0x000000eddfa00000)]
  0x0000026c61638020 JavaThread "Handler for socket connection from /127.0.0.1:52676 to /127.0.0.1:52677" [_thread_in_native, id=28404, stack(0x000000eddfa00000,0x000000eddfb00000)]
  0x0000026c6125cfc0 JavaThread "Cancel handler" [_thread_blocked, id=29132, stack(0x000000eddfb00000,0x000000eddfc00000)]
  0x0000026c614a2400 JavaThread "Daemon worker" [_thread_in_native, id=21540, stack(0x000000eddfc00000,0x000000eddfd00000)]
  0x0000026c614b4420 JavaThread "Asynchronous log dispatcher for DefaultDaemonConnection: socket connection from /127.0.0.1:52676 to /127.0.0.1:52677" [_thread_blocked, id=29548, stack(0x000000eddfd00000,0x000000eddfe00000)]
  0x0000026c614b3f50 JavaThread "Stdin handler" [_thread_blocked, id=28876, stack(0x000000eddfe00000,0x000000eddff00000)]
  0x0000026c614b5c30 JavaThread "Daemon client event forwarder" [_thread_blocked, id=15880, stack(0x000000eddff00000,0x000000ede0000000)]
  0x0000026c614b6100 JavaThread "Cache worker for journal cache (C:\Users\Jacko Tinoco\.gradle\caches\journal-1)" [_thread_blocked, id=1952, stack(0x000000ede0000000,0x000000ede0100000)]
  0x0000026c614b4dc0 JavaThread "File lock request listener" [_thread_in_native, id=9972, stack(0x000000ede0100000,0x000000ede0200000)]
  0x0000026c614b48f0 JavaThread "Cache worker for file hash cache (C:\Users\Jacko Tinoco\.gradle\caches\8.0\fileHashes)" [_thread_blocked, id=6828, stack(0x000000ede0200000,0x000000ede0300000)]
  0x0000026c614b5290 JavaThread "File watcher server" daemon [_thread_in_native, id=20692, stack(0x000000ede0800000,0x000000ede0900000)]
  0x0000026c614b2740 JavaThread "File watcher consumer" daemon [_thread_blocked, id=28256, stack(0x000000ede0900000,0x000000ede0a00000)]
  0x0000026c614b2c10 JavaThread "jar transforms" [_thread_blocked, id=18808, stack(0x000000ede0a00000,0x000000ede0b00000)]
  0x0000026c614b5760 JavaThread "jar transforms Thread 2" [_thread_blocked, id=13796, stack(0x000000ede0b00000,0x000000ede0c00000)]
  0x0000026c614b30e0 JavaThread "jar transforms Thread 3" [_thread_blocked, id=30496, stack(0x000000ede0c00000,0x000000ede0d00000)]
  0x0000026c614b35b0 JavaThread "jar transforms Thread 4" [_thread_blocked, id=25548, stack(0x000000ede0d00000,0x000000ede0e00000)]
  0x0000026c614b3a80 JavaThread "jar transforms Thread 5" [_thread_blocked, id=30044, stack(0x000000ede0e00000,0x000000ede0f00000)]
  0x0000026c631b5be0 JavaThread "jar transforms Thread 6" [_thread_blocked, id=28268, stack(0x000000ede0f00000,0x000000ede1000000)]
  0x0000026c631b2bc0 JavaThread "jar transforms Thread 7" [_thread_blocked, id=30360, stack(0x000000ede1000000,0x000000ede1100000)]
  0x0000026c631b43d0 JavaThread "jar transforms Thread 8" [_thread_blocked, id=24888, stack(0x000000ede1100000,0x000000ede1200000)]
  0x0000026c631b0070 JavaThread "jar transforms Thread 9" [_thread_blocked, id=2976, stack(0x000000ede1200000,0x000000ede1300000)]
  0x0000026c631b6a50 JavaThread "jar transforms Thread 10" [_thread_blocked, id=25948, stack(0x000000ede1300000,0x000000ede1400000)]
  0x0000026c631b13b0 JavaThread "jar transforms Thread 11" [_thread_blocked, id=27052, stack(0x000000ede1400000,0x000000ede1500000)]
  0x0000026c631b1880 JavaThread "jar transforms Thread 12" [_thread_blocked, id=1740, stack(0x000000ede1500000,0x000000ede1600000)]
  0x0000026c631b48a0 JavaThread "Cache worker for checksums cache (C:\ProyectsAndroid\PokeTinder\.gradle\8.0\checksums)" [_thread_blocked, id=1068, stack(0x000000ede1800000,0x000000ede1900000)]
  0x0000026c631b3a30 JavaThread "Cache worker for cache directory md-rule (C:\Users\Jacko Tinoco\.gradle\caches\8.0\md-rule)" [_thread_blocked, id=29192, stack(0x000000ede1900000,0x000000ede1a00000)]
  0x0000026c631b4d70 JavaThread "Cache worker for file content cache (C:\Users\Jacko Tinoco\.gradle\caches\8.0\fileContent)" [_thread_blocked, id=24420, stack(0x000000ede1a00000,0x000000ede1b00000)]
  0x0000026c631b0540 JavaThread "Cache worker for file hash cache (C:\ProyectsAndroid\PokeTinder\.gradle\8.0\fileHashes)" [_thread_blocked, id=29724, stack(0x000000ede1b00000,0x000000ede1c00000)]
  0x0000026c631b6f20 JavaThread "File lock release action executor" [_thread_blocked, id=25164, stack(0x000000ede1c00000,0x000000ede1d00000)]
  0x0000026c631b0ee0 JavaThread "Cache worker for cache directory md-supplier (C:\Users\Jacko Tinoco\.gradle\caches\8.0\md-supplier)" [_thread_blocked, id=15396, stack(0x000000ede1d00000,0x000000ede1e00000)]
  0x0000026c631b2220 JavaThread "Cache worker for execution history cache (C:\Users\Jacko Tinoco\.gradle\caches\8.0\executionHistory)" [_thread_blocked, id=25032, stack(0x000000ede1e00000,0x000000ede1f00000)]
  0x0000026c631b6580 JavaThread "Cache worker for dependencies-accessors (C:\ProyectsAndroid\PokeTinder\.gradle\8.0\dependencies-accessors)" [_thread_blocked, id=21672, stack(0x000000ede1f00000,0x000000ede2000000)]
  0x0000026c631b60b0 JavaThread "Cache worker for Build Output Cleanup Cache (C:\ProyectsAndroid\PokeTinder\.gradle\buildOutputCleanup)" [_thread_blocked, id=24328, stack(0x000000ede2000000,0x000000ede2100000)]

Other Threads:
  0x0000026c5b76d0e0 VMThread "VM Thread" [stack: 0x000000edde500000,0x000000edde600000] [id=880]
  0x0000026c3bbb2740 WatcherThread [stack: 0x000000eddf100000,0x000000eddf200000] [id=24476]
  0x0000026c3bb93420 GCTaskThread "GC Thread#0" [stack: 0x000000edde000000,0x000000edde100000] [id=20924]
  0x0000026c606d4860 GCTaskThread "GC Thread#1" [stack: 0x000000eddf200000,0x000000eddf300000] [id=14396]
  0x0000026c608258c0 GCTaskThread "GC Thread#2" [stack: 0x000000eddf300000,0x000000eddf400000] [id=27692]
  0x0000026c60865830 GCTaskThread "GC Thread#3" [stack: 0x000000eddf400000,0x000000eddf500000] [id=25004]
  0x0000026c60865ae0 GCTaskThread "GC Thread#4" [stack: 0x000000eddf500000,0x000000eddf600000] [id=8768]
  0x0000026c6006d4d0 GCTaskThread "GC Thread#5" [stack: 0x000000ede0300000,0x000000ede0400000] [id=5108]
  0x0000026c6006c4b0 GCTaskThread "GC Thread#6" [stack: 0x000000ede0400000,0x000000ede0500000] [id=23160]
  0x0000026c6006d780 GCTaskThread "GC Thread#7" [stack: 0x000000ede0500000,0x000000ede0600000] [id=29280]
  0x0000026c6006d220 GCTaskThread "GC Thread#8" [stack: 0x000000ede0600000,0x000000ede0700000] [id=25040]
  0x0000026c6006da30 GCTaskThread "GC Thread#9" [stack: 0x000000ede0700000,0x000000ede0800000] [id=16228]
  0x0000026c3bba43d0 ConcurrentGCThread "G1 Main Marker" [stack: 0x000000edde100000,0x000000edde200000] [id=26040]
  0x0000026c3bba5ba0 ConcurrentGCThread "G1 Conc#0" [stack: 0x000000edde200000,0x000000edde300000] [id=144]
  0x0000026c6006c760 ConcurrentGCThread "G1 Conc#1" [stack: 0x000000ede1600000,0x000000ede1700000] [id=4140]
  0x0000026c6006ca10 ConcurrentGCThread "G1 Conc#2" [stack: 0x000000ede1700000,0x000000ede1800000] [id=30460]
  0x0000026c3bbfe880 ConcurrentGCThread "G1 Refine#0" [stack: 0x000000edde300000,0x000000edde400000] [id=30516]
  0x0000026c5b629fb0 ConcurrentGCThread "G1 Service" [stack: 0x000000edde400000,0x000000edde500000] [id=29768]

Threads with active compile tasks:
C2 CompilerThread0    30814 5174       4       com.esotericsoftware.kryo.io.Input::readString (127 bytes)

VM state: not at safepoint (normal execution)

VM Mutex/Monitor currently owned by a thread: None

Heap address: 0x0000000080000000, size: 2048 MB, Compressed Oops mode: 32-bit

CDS archive(s) mapped at: [0x0000000800000000-0x0000000800bd0000-0x0000000800bd0000), size 12386304, SharedBaseAddress: 0x0000000800000000, ArchiveRelocationMode: 0.
Compressed class space mapped at: 0x0000000801000000-0x0000000841000000, reserved size: 1073741824
Narrow klass base: 0x0000000800000000, Narrow klass shift: 0, Narrow klass range: 0x100000000

GC Precious Log:
 CPUs: 12 total, 12 available
 Memory: 7930M
 Large Page Support: Disabled
 NUMA Support: Disabled
 Compressed Oops: Enabled (32-bit)
 Heap Region Size: 1M
 Heap Min Capacity: 8M
 Heap Initial Capacity: 124M
 Heap Max Capacity: 2G
 Pre-touch: Disabled
 Parallel Workers: 10
 Concurrent Workers: 3
 Concurrent Refinement Workers: 10
 Periodic GC: Disabled

Heap:
 garbage-first heap   total 177152K, used 132499K [0x0000000080000000, 0x0000000100000000)
  region size 1024K, 35 young (35840K), 3 survivors (3072K)
 Metaspace       used 43233K, committed 43776K, reserved 1114112K
  class space    used 6018K, committed 6272K, reserved 1048576K

Heap Regions: E=young(eden), S=young(survivor), O=old, HS=humongous(starts), HC=humongous(continues), CS=collection set, F=free, OA=open archive, CA=closed archive, TAMS=top-at-mark-start (previous, next)
|   0|0x0000000080000000, 0x0000000080100000, 0x0000000080100000|100%|HS|  |TAMS 0x0000000080100000, 0x0000000080000000| Complete 
|   1|0x0000000080100000, 0x0000000080200000, 0x0000000080200000|100%|HC|  |TAMS 0x0000000080200000, 0x0000000080100000| Complete 
|   2|0x0000000080200000, 0x0000000080300000, 0x0000000080300000|100%|HC|  |TAMS 0x0000000080300000, 0x0000000080200000| Complete 
|   3|0x0000000080300000, 0x0000000080400000, 0x0000000080400000|100%|HC|  |TAMS 0x0000000080400000, 0x0000000080300000| Complete 
|   4|0x0000000080400000, 0x0000000080500000, 0x0000000080500000|100%| O|  |TAMS 0x0000000080500000, 0x0000000080400000| Untracked 
|   5|0x0000000080500000, 0x0000000080600000, 0x0000000080600000|100%| O|  |TAMS 0x0000000080600000, 0x0000000080500000| Untracked 
|   6|0x0000000080600000, 0x0000000080700000, 0x0000000080700000|100%| O|  |TAMS 0x0000000080700000, 0x0000000080600000| Untracked 
|   7|0x0000000080700000, 0x0000000080800000, 0x0000000080800000|100%| O|  |TAMS 0x0000000080800000, 0x0000000080700000| Untracked 
|   8|0x0000000080800000, 0x0000000080900000, 0x0000000080900000|100%|HS|  |TAMS 0x0000000080900000, 0x0000000080800000| Complete 
|   9|0x0000000080900000, 0x0000000080a00000, 0x0000000080a00000|100%| O|  |TAMS 0x0000000080a00000, 0x0000000080900000| Untracked 
|  10|0x0000000080a00000, 0x0000000080b00000, 0x0000000080b00000|100%| O|  |TAMS 0x0000000080b00000, 0x0000000080a00000| Untracked 
|  11|0x0000000080b00000, 0x0000000080c00000, 0x0000000080c00000|100%| O|  |TAMS 0x0000000080c00000, 0x0000000080b00000| Untracked 
|  12|0x0000000080c00000, 0x0000000080d00000, 0x0000000080d00000|100%|HS|  |TAMS 0x0000000080d00000, 0x0000000080c00000| Complete 
|  13|0x0000000080d00000, 0x0000000080e00000, 0x0000000080e00000|100%|HC|  |TAMS 0x0000000080e00000, 0x0000000080d00000| Complete 
|  14|0x0000000080e00000, 0x0000000080f00000, 0x0000000080f00000|100%|HS|  |TAMS 0x0000000080f00000, 0x0000000080e00000| Complete 
|  15|0x0000000080f00000, 0x0000000081000000, 0x0000000081000000|100%|HC|  |TAMS 0x0000000081000000, 0x0000000080f00000| Complete 
|  16|0x0000000081000000, 0x0000000081100000, 0x0000000081100000|100%|HC|  |TAMS 0x0000000081100000, 0x0000000081000000| Complete 
|  17|0x0000000081100000, 0x0000000081200000, 0x0000000081200000|100%|HS|  |TAMS 0x0000000081200000, 0x0000000081100000| Complete 
|  18|0x0000000081200000, 0x0000000081300000, 0x0000000081300000|100%|HC|  |TAMS 0x0000000081300000, 0x0000000081200000| Complete 
|  19|0x0000000081300000, 0x0000000081400000, 0x0000000081400000|100%|HC|  |TAMS 0x0000000081400000, 0x0000000081300000| Complete 
|  20|0x0000000081400000, 0x0000000081500000, 0x0000000081500000|100%|HS|  |TAMS 0x0000000081500000, 0x0000000081400000| Complete 
|  21|0x0000000081500000, 0x0000000081600000, 0x0000000081600000|100%|HC|  |TAMS 0x0000000081600000, 0x0000000081500000| Complete 
|  22|0x0000000081600000, 0x0000000081700000, 0x0000000081700000|100%|HC|  |TAMS 0x0000000081700000, 0x0000000081600000| Complete 
|  23|0x0000000081700000, 0x0000000081800000, 0x0000000081800000|100%|HC|  |TAMS 0x0000000081800000, 0x0000000081700000| Complete 
|  24|0x0000000081800000, 0x0000000081900000, 0x0000000081900000|100%|HC|  |TAMS 0x0000000081900000, 0x0000000081800000| Complete 
|  25|0x0000000081900000, 0x0000000081a00000, 0x0000000081a00000|100%|HC|  |TAMS 0x0000000081a00000, 0x0000000081900000| Complete 
|  26|0x0000000081a00000, 0x0000000081b00000, 0x0000000081b00000|100%|HS|  |TAMS 0x0000000081b00000, 0x0000000081a00000| Complete 
|  27|0x0000000081b00000, 0x0000000081c00000, 0x0000000081c00000|100%|HC|  |TAMS 0x0000000081c00000, 0x0000000081b00000| Complete 
|  28|0x0000000081c00000, 0x0000000081d00000, 0x0000000081d00000|100%|HS|  |TAMS 0x0000000081d00000, 0x0000000081c00000| Complete 
|  29|0x0000000081d00000, 0x0000000081e00000, 0x0000000081e00000|100%|HC|  |TAMS 0x0000000081e00000, 0x0000000081d00000| Complete 
|  30|0x0000000081e00000, 0x0000000081f00000, 0x0000000081f00000|100%|HC|  |TAMS 0x0000000081f00000, 0x0000000081e00000| Complete 
|  31|0x0000000081f00000, 0x0000000082000000, 0x0000000082000000|100%|HC|  |TAMS 0x0000000082000000, 0x0000000081f00000| Complete 
|  32|0x0000000082000000, 0x0000000082100000, 0x0000000082100000|100%|HC|  |TAMS 0x0000000082100000, 0x0000000082000000| Complete 
|  33|0x0000000082100000, 0x0000000082200000, 0x0000000082200000|100%|HC|  |TAMS 0x0000000082200000, 0x0000000082100000| Complete 
|  34|0x0000000082200000, 0x0000000082300000, 0x0000000082300000|100%|HC|  |TAMS 0x0000000082300000, 0x0000000082200000| Complete 
|  35|0x0000000082300000, 0x0000000082400000, 0x0000000082400000|100%|HC|  |TAMS 0x0000000082400000, 0x0000000082300000| Complete 
|  36|0x0000000082400000, 0x0000000082500000, 0x0000000082500000|100%|HC|  |TAMS 0x0000000082500000, 0x0000000082400000| Complete 
|  37|0x0000000082500000, 0x0000000082600000, 0x0000000082600000|100%|HC|  |TAMS 0x0000000082600000, 0x0000000082500000| Complete 
|  38|0x0000000082600000, 0x0000000082700000, 0x0000000082700000|100%|HS|  |TAMS 0x0000000082700000, 0x0000000082600000| Complete 
|  39|0x0000000082700000, 0x0000000082800000, 0x0000000082800000|100%|HC|  |TAMS 0x0000000082800000, 0x0000000082700000| Complete 
|  40|0x0000000082800000, 0x0000000082900000, 0x0000000082900000|100%| O|  |TAMS 0x0000000082900000, 0x0000000082800000| Untracked 
|  41|0x0000000082900000, 0x0000000082a00000, 0x0000000082a00000|100%| O|  |TAMS 0x0000000082a00000, 0x0000000082900000| Untracked 
|  42|0x0000000082a00000, 0x0000000082b00000, 0x0000000082b00000|100%| O|  |TAMS 0x0000000082b00000, 0x0000000082a00000| Untracked 
|  43|0x0000000082b00000, 0x0000000082c00000, 0x0000000082c00000|100%| O|  |TAMS 0x0000000082c00000, 0x0000000082b00000| Untracked 
|  44|0x0000000082c00000, 0x0000000082d00000, 0x0000000082d00000|100%| O|  |TAMS 0x0000000082d00000, 0x0000000082c00000| Untracked 
|  45|0x0000000082d00000, 0x0000000082e00000, 0x0000000082e00000|100%|HS|  |TAMS 0x0000000082d00000, 0x0000000082d00000| Complete 
|  46|0x0000000082e00000, 0x0000000082f00000, 0x0000000082f00000|100%| O|  |TAMS 0x0000000082f00000, 0x0000000082e00000| Untracked 
|  47|0x0000000082f00000, 0x0000000083000000, 0x0000000083000000|100%| O|  |TAMS 0x0000000083000000, 0x0000000082f00000| Untracked 
|  48|0x0000000083000000, 0x0000000083100000, 0x0000000083100000|100%| O|  |TAMS 0x0000000083100000, 0x0000000083000000| Untracked 
|  49|0x0000000083100000, 0x0000000083200000, 0x0000000083200000|100%| O|  |TAMS 0x0000000083200000, 0x0000000083100000| Untracked 
|  50|0x0000000083200000, 0x0000000083300000, 0x0000000083300000|100%| O|  |TAMS 0x0000000083300000, 0x0000000083200000| Untracked 
|  51|0x0000000083300000, 0x0000000083400000, 0x0000000083400000|100%| O|  |TAMS 0x0000000083400000, 0x0000000083300000| Untracked 
|  52|0x0000000083400000, 0x0000000083500000, 0x0000000083500000|100%| O|  |TAMS 0x0000000083500000, 0x0000000083400000| Untracked 
|  53|0x0000000083500000, 0x0000000083600000, 0x0000000083600000|100%| O|  |TAMS 0x0000000083600000, 0x0000000083500000| Untracked 
|  54|0x0000000083600000, 0x0000000083700000, 0x0000000083700000|100%| O|  |TAMS 0x0000000083700000, 0x0000000083600000| Untracked 
|  55|0x0000000083700000, 0x0000000083800000, 0x0000000083800000|100%| O|  |TAMS 0x0000000083800000, 0x0000000083700000| Untracked 
|  56|0x0000000083800000, 0x0000000083900000, 0x0000000083900000|100%| O|  |TAMS 0x0000000083900000, 0x0000000083800000| Untracked 
|  57|0x0000000083900000, 0x0000000083a00000, 0x0000000083a00000|100%| O|  |TAMS 0x0000000083a00000, 0x0000000083900000| Untracked 
|  58|0x0000000083a00000, 0x0000000083b00000, 0x0000000083b00000|100%| O|  |TAMS 0x0000000083b00000, 0x0000000083a00000| Untracked 
|  59|0x0000000083b00000, 0x0000000083c00000, 0x0000000083c00000|100%| O|  |TAMS 0x0000000083c00000, 0x0000000083b00000| Untracked 
|  60|0x0000000083c00000, 0x0000000083d00000, 0x0000000083d00000|100%| O|  |TAMS 0x0000000083d00000, 0x0000000083c00000| Untracked 
|  61|0x0000000083d00000, 0x0000000083e00000, 0x0000000083e00000|100%| O|  |TAMS 0x0000000083e00000, 0x0000000083d00000| Untracked 
|  62|0x0000000083e00000, 0x0000000083f00000, 0x0000000083f00000|100%| O|  |TAMS 0x0000000083f00000, 0x0000000083e00000| Untracked 
|  63|0x0000000083f00000, 0x0000000084000000, 0x0000000084000000|100%| O|  |TAMS 0x0000000084000000, 0x0000000083f00000| Untracked 
|  64|0x0000000084000000, 0x0000000084100000, 0x0000000084100000|100%| O|  |TAMS 0x0000000084100000, 0x0000000084000000| Untracked 
|  65|0x0000000084100000, 0x0000000084200000, 0x0000000084200000|100%|HS|  |TAMS 0x0000000084200000, 0x0000000084100000| Complete 
|  66|0x0000000084200000, 0x0000000084300000, 0x0000000084300000|100%|HC|  |TAMS 0x0000000084300000, 0x0000000084200000| Complete 
|  67|0x0000000084300000, 0x0000000084400000, 0x0000000084400000|100%|HC|  |TAMS 0x0000000084400000, 0x0000000084300000| Complete 
|  68|0x0000000084400000, 0x0000000084500000, 0x0000000084500000|100%|HC|  |TAMS 0x0000000084500000, 0x0000000084400000| Complete 
|  69|0x0000000084500000, 0x0000000084600000, 0x0000000084600000|100%|HC|  |TAMS 0x0000000084600000, 0x0000000084500000| Complete 
|  70|0x0000000084600000, 0x0000000084700000, 0x0000000084700000|100%|HC|  |TAMS 0x0000000084700000, 0x0000000084600000| Complete 
|  71|0x0000000084700000, 0x0000000084800000, 0x0000000084800000|100%|HC|  |TAMS 0x0000000084800000, 0x0000000084700000| Complete 
|  72|0x0000000084800000, 0x0000000084900000, 0x0000000084900000|100%|HC|  |TAMS 0x0000000084900000, 0x0000000084800000| Complete 
|  73|0x0000000084900000, 0x0000000084a00000, 0x0000000084a00000|100%|HC|  |TAMS 0x0000000084a00000, 0x0000000084900000| Complete 
|  74|0x0000000084a00000, 0x0000000084b00000, 0x0000000084b00000|100%|HC|  |TAMS 0x0000000084b00000, 0x0000000084a00000| Complete 
|  75|0x0000000084b00000, 0x0000000084c00000, 0x0000000084c00000|100%|HC|  |TAMS 0x0000000084c00000, 0x0000000084b00000| Complete 
|  76|0x0000000084c00000, 0x0000000084d00000, 0x0000000084d00000|100%| O|  |TAMS 0x0000000084d00000, 0x0000000084c00000| Untracked 
|  77|0x0000000084d00000, 0x0000000084e00000, 0x0000000084e00000|100%|HS|  |TAMS 0x0000000084e00000, 0x0000000084d00000| Complete 
|  78|0x0000000084e00000, 0x0000000084f00000, 0x0000000084f00000|100%|HC|  |TAMS 0x0000000084f00000, 0x0000000084e00000| Complete 
|  79|0x0000000084f00000, 0x0000000085000000, 0x0000000085000000|100%|HS|  |TAMS 0x0000000085000000, 0x0000000084f00000| Complete 
|  80|0x0000000085000000, 0x0000000085100000, 0x0000000085100000|100%|HC|  |TAMS 0x0000000085100000, 0x0000000085000000| Complete 
|  81|0x0000000085100000, 0x0000000085200000, 0x0000000085200000|100%|HC|  |TAMS 0x0000000085200000, 0x0000000085100000| Complete 
|  82|0x0000000085200000, 0x0000000085300000, 0x0000000085300000|100%|HS|  |TAMS 0x0000000085300000, 0x0000000085200000| Complete 
|  83|0x0000000085300000, 0x0000000085400000, 0x0000000085400000|100%|HC|  |TAMS 0x0000000085400000, 0x0000000085300000| Complete 
|  84|0x0000000085400000, 0x0000000085500000, 0x0000000085500000|100%|HS|  |TAMS 0x0000000085500000, 0x0000000085400000| Complete 
|  85|0x0000000085500000, 0x0000000085600000, 0x0000000085600000|100%|HC|  |TAMS 0x0000000085600000, 0x0000000085500000| Complete 
|  86|0x0000000085600000, 0x0000000085700000, 0x0000000085700000|100%|HC|  |TAMS 0x0000000085700000, 0x0000000085600000| Complete 
|  87|0x0000000085700000, 0x0000000085800000, 0x0000000085800000|100%| O|  |TAMS 0x0000000085800000, 0x0000000085700000| Untracked 
|  88|0x0000000085800000, 0x0000000085900000, 0x0000000085900000|100%| O|  |TAMS 0x0000000085900000, 0x0000000085800000| Untracked 
|  89|0x0000000085900000, 0x0000000085a00000, 0x0000000085a00000|100%| O|  |TAMS 0x0000000085a00000, 0x0000000085900000| Untracked 
|  90|0x0000000085a00000, 0x0000000085a2c400, 0x0000000085b00000| 17%| O|  |TAMS 0x0000000085a2c400, 0x0000000085a00000| Untracked 
|  91|0x0000000085b00000, 0x0000000085c00000, 0x0000000085c00000|100%|HS|  |TAMS 0x0000000085c00000, 0x0000000085b00000| Complete 
|  92|0x0000000085c00000, 0x0000000085d00000, 0x0000000085d00000|100%|HC|  |TAMS 0x0000000085d00000, 0x0000000085c00000| Complete 
|  93|0x0000000085d00000, 0x0000000085e00000, 0x0000000085e00000|100%|HC|  |TAMS 0x0000000085e00000, 0x0000000085d00000| Complete 
|  94|0x0000000085e00000, 0x0000000085f00000, 0x0000000085f00000|100%|HC|  |TAMS 0x0000000085f00000, 0x0000000085e00000| Complete 
|  95|0x0000000085f00000, 0x0000000086000000, 0x0000000086000000|100%|HC|  |TAMS 0x0000000086000000, 0x0000000085f00000| Complete 
|  96|0x0000000086000000, 0x0000000086100000, 0x0000000086100000|100%|HC|  |TAMS 0x0000000086100000, 0x0000000086000000| Complete 
|  97|0x0000000086100000, 0x0000000086100000, 0x0000000086200000|  0%| F|  |TAMS 0x0000000086100000, 0x0000000086100000| Untracked 
|  98|0x0000000086200000, 0x0000000086200000, 0x0000000086300000|  0%| F|  |TAMS 0x0000000086200000, 0x0000000086200000| Untracked 
|  99|0x0000000086300000, 0x0000000086300000, 0x0000000086400000|  0%| F|  |TAMS 0x0000000086300000, 0x0000000086300000| Untracked 
| 100|0x0000000086400000, 0x0000000086400000, 0x0000000086500000|  0%| F|  |TAMS 0x0000000086400000, 0x0000000086400000| Untracked 
| 101|0x0000000086500000, 0x0000000086500000, 0x0000000086600000|  0%| F|  |TAMS 0x0000000086500000, 0x0000000086500000| Untracked 
| 102|0x0000000086600000, 0x0000000086600000, 0x0000000086700000|  0%| F|  |TAMS 0x0000000086600000, 0x0000000086600000| Untracked 
| 103|0x0000000086700000, 0x0000000086700000, 0x0000000086800000|  0%| F|  |TAMS 0x0000000086700000, 0x0000000086700000| Untracked 
| 104|0x0000000086800000, 0x0000000086800000, 0x0000000086900000|  0%| F|  |TAMS 0x0000000086800000, 0x0000000086800000| Untracked 
| 105|0x0000000086900000, 0x0000000086900000, 0x0000000086a00000|  0%| F|  |TAMS 0x0000000086900000, 0x0000000086900000| Untracked 
| 106|0x0000000086a00000, 0x0000000086a00000, 0x0000000086b00000|  0%| F|  |TAMS 0x0000000086a00000, 0x0000000086a00000| Untracked 
| 107|0x0000000086b00000, 0x0000000086b00000, 0x0000000086c00000|  0%| F|  |TAMS 0x0000000086b00000, 0x0000000086b00000| Untracked 
| 108|0x0000000086c00000, 0x0000000086c00000, 0x0000000086d00000|  0%| F|  |TAMS 0x0000000086c00000, 0x0000000086c00000| Untracked 
| 109|0x0000000086d00000, 0x0000000086d00000, 0x0000000086e00000|  0%| F|  |TAMS 0x0000000086d00000, 0x0000000086d00000| Untracked 
| 110|0x0000000086e00000, 0x0000000086e00000, 0x0000000086f00000|  0%| F|  |TAMS 0x0000000086e00000, 0x0000000086e00000| Untracked 
| 111|0x0000000086f00000, 0x0000000086f00000, 0x0000000087000000|  0%| F|  |TAMS 0x0000000086f00000, 0x0000000086f00000| Untracked 
| 112|0x0000000087000000, 0x0000000087000000, 0x0000000087100000|  0%| F|  |TAMS 0x0000000087000000, 0x0000000087000000| Untracked 
| 113|0x0000000087100000, 0x0000000087100000, 0x0000000087200000|  0%| F|  |TAMS 0x0000000087100000, 0x0000000087100000| Untracked 
| 114|0x0000000087200000, 0x0000000087200000, 0x0000000087300000|  0%| F|  |TAMS 0x0000000087200000, 0x0000000087200000| Untracked 
| 115|0x0000000087300000, 0x0000000087300000, 0x0000000087400000|  0%| F|  |TAMS 0x0000000087300000, 0x0000000087300000| Untracked 
| 116|0x0000000087400000, 0x0000000087400000, 0x0000000087500000|  0%| F|  |TAMS 0x0000000087400000, 0x0000000087400000| Untracked 
| 117|0x0000000087500000, 0x0000000087500000, 0x0000000087600000|  0%| F|  |TAMS 0x0000000087500000, 0x0000000087500000| Untracked 
| 118|0x0000000087600000, 0x0000000087600000, 0x0000000087700000|  0%| F|  |TAMS 0x0000000087600000, 0x0000000087600000| Untracked 
| 119|0x0000000087700000, 0x0000000087700000, 0x0000000087800000|  0%| F|  |TAMS 0x0000000087700000, 0x0000000087700000| Untracked 
| 120|0x0000000087800000, 0x0000000087800000, 0x0000000087900000|  0%| F|  |TAMS 0x0000000087800000, 0x0000000087800000| Untracked 
| 121|0x0000000087900000, 0x0000000087900000, 0x0000000087a00000|  0%| F|  |TAMS 0x0000000087900000, 0x0000000087900000| Untracked 
| 122|0x0000000087a00000, 0x0000000087a00000, 0x0000000087b00000|  0%| F|  |TAMS 0x0000000087a00000, 0x0000000087a00000| Untracked 
| 123|0x0000000087b00000, 0x0000000087b00000, 0x0000000087c00000|  0%| F|  |TAMS 0x0000000087b00000, 0x0000000087b00000| Untracked 
| 124|0x0000000087c00000, 0x0000000087c00000, 0x0000000087d00000|  0%| F|  |TAMS 0x0000000087c00000, 0x0000000087c00000| Untracked 
| 125|0x0000000087d00000, 0x0000000087d00000, 0x0000000087e00000|  0%| F|  |TAMS 0x0000000087d00000, 0x0000000087d00000| Untracked 
| 126|0x0000000087e00000, 0x0000000087e00000, 0x0000000087f00000|  0%| F|  |TAMS 0x0000000087e00000, 0x0000000087e00000| Untracked 
| 127|0x0000000087f00000, 0x0000000087f00000, 0x0000000088000000|  0%| F|  |TAMS 0x0000000087f00000, 0x0000000087f00000| Untracked 
| 128|0x0000000088000000, 0x0000000088000000, 0x0000000088100000|  0%| F|  |TAMS 0x0000000088000000, 0x0000000088000000| Untracked 
| 129|0x0000000088100000, 0x0000000088100000, 0x0000000088200000|  0%| F|  |TAMS 0x0000000088100000, 0x0000000088100000| Untracked 
| 130|0x0000000088200000, 0x0000000088200000, 0x0000000088300000|  0%| F|  |TAMS 0x0000000088200000, 0x0000000088200000| Untracked 
| 131|0x0000000088300000, 0x0000000088300000, 0x0000000088400000|  0%| F|  |TAMS 0x0000000088300000, 0x0000000088300000| Untracked 
| 132|0x0000000088400000, 0x0000000088400000, 0x0000000088500000|  0%| F|  |TAMS 0x0000000088400000, 0x0000000088400000| Untracked 
| 133|0x0000000088500000, 0x0000000088500000, 0x0000000088600000|  0%| F|  |TAMS 0x0000000088500000, 0x0000000088500000| Untracked 
| 134|0x0000000088600000, 0x0000000088600000, 0x0000000088700000|  0%| F|  |TAMS 0x0000000088600000, 0x0000000088600000| Untracked 
| 135|0x0000000088700000, 0x0000000088700000, 0x0000000088800000|  0%| F|  |TAMS 0x0000000088700000, 0x0000000088700000| Untracked 
| 136|0x0000000088800000, 0x0000000088800000, 0x0000000088900000|  0%| F|  |TAMS 0x0000000088800000, 0x0000000088800000| Untracked 
| 137|0x0000000088900000, 0x0000000088900000, 0x0000000088a00000|  0%| F|  |TAMS 0x0000000088900000, 0x0000000088900000| Untracked 
| 138|0x0000000088a00000, 0x0000000088a80800, 0x0000000088b00000| 50%| E|  |TAMS 0x0000000088a00000, 0x0000000088a00000| Complete 
| 139|0x0000000088b00000, 0x0000000088c00000, 0x0000000088c00000|100%| E|CS|TAMS 0x0000000088b00000, 0x0000000088b00000| Complete 
| 140|0x0000000088c00000, 0x0000000088d00000, 0x0000000088d00000|100%| E|CS|TAMS 0x0000000088c00000, 0x0000000088c00000| Complete 
| 141|0x0000000088d00000, 0x0000000088e00000, 0x0000000088e00000|100%| E|CS|TAMS 0x0000000088d00000, 0x0000000088d00000| Complete 
| 142|0x0000000088e00000, 0x0000000088f00000, 0x0000000088f00000|100%| E|CS|TAMS 0x0000000088e00000, 0x0000000088e00000| Complete 
| 143|0x0000000088f00000, 0x0000000089000000, 0x0000000089000000|100%| E|CS|TAMS 0x0000000088f00000, 0x0000000088f00000| Complete 
| 144|0x0000000089000000, 0x0000000089100000, 0x0000000089100000|100%| E|CS|TAMS 0x0000000089000000, 0x0000000089000000| Complete 
| 145|0x0000000089100000, 0x0000000089200000, 0x0000000089200000|100%| E|CS|TAMS 0x0000000089100000, 0x0000000089100000| Complete 
| 146|0x0000000089200000, 0x0000000089300000, 0x0000000089300000|100%| E|CS|TAMS 0x0000000089200000, 0x0000000089200000| Complete 
| 147|0x0000000089300000, 0x0000000089400000, 0x0000000089400000|100%| E|CS|TAMS 0x0000000089300000, 0x0000000089300000| Complete 
| 148|0x0000000089400000, 0x0000000089500000, 0x0000000089500000|100%| E|CS|TAMS 0x0000000089400000, 0x0000000089400000| Complete 
| 149|0x0000000089500000, 0x0000000089600000, 0x0000000089600000|100%| E|CS|TAMS 0x0000000089500000, 0x0000000089500000| Complete 
| 150|0x0000000089600000, 0x0000000089700000, 0x0000000089700000|100%| E|CS|TAMS 0x0000000089600000, 0x0000000089600000| Complete 
| 151|0x0000000089700000, 0x0000000089800000, 0x0000000089800000|100%| E|CS|TAMS 0x0000000089700000, 0x0000000089700000| Complete 
| 152|0x0000000089800000, 0x0000000089900000, 0x0000000089900000|100%| E|CS|TAMS 0x0000000089800000, 0x0000000089800000| Complete 
| 153|0x0000000089900000, 0x0000000089a00000, 0x0000000089a00000|100%| E|CS|TAMS 0x0000000089900000, 0x0000000089900000| Complete 
| 154|0x0000000089a00000, 0x0000000089b00000, 0x0000000089b00000|100%| E|CS|TAMS 0x0000000089a00000, 0x0000000089a00000| Complete 
| 155|0x0000000089b00000, 0x0000000089c00000, 0x0000000089c00000|100%| E|CS|TAMS 0x0000000089b00000, 0x0000000089b00000| Complete 
| 156|0x0000000089c00000, 0x0000000089d00000, 0x0000000089d00000|100%| E|CS|TAMS 0x0000000089c00000, 0x0000000089c00000| Complete 
| 157|0x0000000089d00000, 0x0000000089e00000, 0x0000000089e00000|100%| E|CS|TAMS 0x0000000089d00000, 0x0000000089d00000| Complete 
| 158|0x0000000089e00000, 0x0000000089f00000, 0x0000000089f00000|100%| E|CS|TAMS 0x0000000089e00000, 0x0000000089e00000| Complete 
| 159|0x0000000089f00000, 0x000000008a000000, 0x000000008a000000|100%| E|CS|TAMS 0x0000000089f00000, 0x0000000089f00000| Complete 
| 160|0x000000008a000000, 0x000000008a100000, 0x000000008a100000|100%| E|CS|TAMS 0x000000008a000000, 0x000000008a000000| Complete 
| 161|0x000000008a100000, 0x000000008a200000, 0x000000008a200000|100%| E|CS|TAMS 0x000000008a100000, 0x000000008a100000| Complete 
| 162|0x000000008a200000, 0x000000008a300000, 0x000000008a300000|100%| E|CS|TAMS 0x000000008a200000, 0x000000008a200000| Complete 
| 163|0x000000008a300000, 0x000000008a400000, 0x000000008a400000|100%| E|CS|TAMS 0x000000008a300000, 0x000000008a300000| Complete 
| 164|0x000000008a400000, 0x000000008a500000, 0x000000008a500000|100%| E|CS|TAMS 0x000000008a400000, 0x000000008a400000| Complete 
| 165|0x000000008a500000, 0x000000008a600000, 0x000000008a600000|100%| E|CS|TAMS 0x000000008a500000, 0x000000008a500000| Complete 
| 166|0x000000008a600000, 0x000000008a700000, 0x000000008a700000|100%| E|CS|TAMS 0x000000008a600000, 0x000000008a600000| Complete 
| 167|0x000000008a700000, 0x000000008a800000, 0x000000008a800000|100%| E|CS|TAMS 0x000000008a700000, 0x000000008a700000| Complete 
| 168|0x000000008a800000, 0x000000008a900000, 0x000000008a900000|100%| E|CS|TAMS 0x000000008a800000, 0x000000008a800000| Complete 
| 169|0x000000008a900000, 0x000000008a9388a0, 0x000000008aa00000| 22%| S|CS|TAMS 0x000000008a900000, 0x000000008a900000| Complete 
| 170|0x000000008aa00000, 0x000000008ab00000, 0x000000008ab00000|100%| S|CS|TAMS 0x000000008aa00000, 0x000000008aa00000| Complete 
| 171|0x000000008ab00000, 0x000000008ac00000, 0x000000008ac00000|100%| S|CS|TAMS 0x000000008ab00000, 0x000000008ab00000| Complete 
| 172|0x000000008ac00000, 0x000000008ad00000, 0x000000008ad00000|100%| E|CS|TAMS 0x000000008ac00000, 0x000000008ac00000| Complete 

Card table byte_map: [0x0000026c54310000,0x0000026c54710000] _byte_map_base: 0x0000026c53f10000

Marking Bits (Prev, Next): (CMBitMap*) 0x0000026c3bb93980, (CMBitMap*) 0x0000026c3bb93940
 Prev Bits: [0x0000026c56b10000, 0x0000026c58b10000)
 Next Bits: [0x0000026c54b10000, 0x0000026c56b10000)

Polling page: 0x0000026c39a90000

Metaspace:

Usage:
  Non-class:     36.34 MB used.
      Class:      5.88 MB used.
       Both:     42.22 MB used.

Virtual space:
  Non-class space:       64.00 MB reserved,      36.63 MB ( 57%) committed,  1 nodes.
      Class space:        1.00 GB reserved,       6.13 MB ( <1%) committed,  1 nodes.
             Both:        1.06 GB reserved,      42.75 MB (  4%) committed. 

Chunk freelists:
   Non-Class:  11.22 MB
       Class:  9.69 MB
        Both:  20.91 MB

MaxMetaspaceSize: unlimited
CompressedClassSpaceSize: 1.00 GB
Initial GC threshold: 21.00 MB
Current GC threshold: 66.19 MB
CDS: on
MetaspaceReclaimPolicy: balanced
 - commit_granule_bytes: 65536.
 - commit_granule_words: 8192.
 - virtual_space_node_default_size: 8388608.
 - enlarge_chunks_in_place: 1.
 - new_chunks_are_fully_committed: 0.
 - uncommit_free_chunks: 1.
 - use_allocation_guard: 0.
 - handle_deallocations: 1.


Internal statistics:

num_allocs_failed_limit: 3.
num_arena_births: 566.
num_arena_deaths: 0.
num_vsnodes_births: 2.
num_vsnodes_deaths: 0.
num_space_committed: 684.
num_space_uncommitted: 0.
num_chunks_returned_to_freelist: 3.
num_chunks_taken_from_freelist: 2264.
num_chunk_merges: 3.
num_chunk_splits: 1481.
num_chunks_enlarged: 992.
num_inconsistent_stats: 0.

CodeHeap 'non-profiled nmethods': size=120000Kb used=3246Kb max_used=3246Kb free=116753Kb
 bounds [0x0000026c4c490000, 0x0000026c4c7c0000, 0x0000026c539c0000]
CodeHeap 'profiled nmethods': size=120000Kb used=11126Kb max_used=11126Kb free=108873Kb
 bounds [0x0000026c449c0000, 0x0000026c454a0000, 0x0000026c4bef0000]
CodeHeap 'non-nmethods': size=5760Kb used=2331Kb max_used=2373Kb free=3428Kb
 bounds [0x0000026c4bef0000, 0x0000026c4c160000, 0x0000026c4c490000]
 total_blobs=6118 nmethods=5284 adapters=746
 compilation: enabled
              stopped_count=0, restarted_count=0
 full_count=0

Compilation events (20 events):
Event: 30.717 Thread 0x0000026c5b791380 nmethod 5168 0x0000026c4c7b2b10 code [0x0000026c4c7b2ca0, 0x0000026c4c7b2d78]
Event: 30.722 Thread 0x0000026c5b791380 5169       3       java.util.stream.Collectors$$Lambda$58/0x000000080106e618::get (8 bytes)
Event: 30.722 Thread 0x0000026c5b791380 nmethod 5169 0x0000026c4547a310 code [0x0000026c4547a4c0, 0x0000026c4547a818]
Event: 30.722 Thread 0x0000026c5b791380 5170       1       org.gradle.cache.internal.btree.BTreePersistentIndexedCache::access$1800 (5 bytes)
Event: 30.722 Thread 0x0000026c5b791380 nmethod 5170 0x0000026c4c7b2e10 code [0x0000026c4c7b2fa0, 0x0000026c4c7b3058]
Event: 30.724 Thread 0x0000026c5b791380 5171       1       org.gradle.api.internal.artifacts.ivyservice.modulecache.ModuleComponentAtRepositoryKey::hashCode (5 bytes)
Event: 30.724 Thread 0x0000026c5b791380 nmethod 5171 0x0000026c4c7b3110 code [0x0000026c4c7b32a0, 0x0000026c4c7b3378]
Event: 30.734 Thread 0x0000026c5b791380 5172       3       org.gradle.cache.internal.btree.FileBackedBlockStore$BlockImpl::getPos (31 bytes)
Event: 30.735 Thread 0x0000026c5b791380 nmethod 5172 0x0000026c4547a990 code [0x0000026c4547ab60, 0x0000026c4547afe8]
Event: 30.737 Thread 0x0000026c5b791380 5173       3       com.google.common.cache.LocalCache$Segment::scheduleRefresh (66 bytes)
Event: 30.737 Thread 0x0000026c5b791380 nmethod 5173 0x0000026c4547b190 code [0x0000026c4547b380, 0x0000026c4547b998]
Event: 30.742 Thread 0x0000026c5b78e9c0 5174       4       com.esotericsoftware.kryo.io.Input::readString (127 bytes)
Event: 30.742 Thread 0x0000026c5b791380 5176       3       org.gradle.api.internal.artifacts.ivyservice.resolveengine.result.IvyArtifactNameSerializer::readNullable (19 bytes)
Event: 30.743 Thread 0x0000026c5b791380 nmethod 5176 0x0000026c4547bb90 code [0x0000026c4547bd40, 0x0000026c4547bfd8]
Event: 30.743 Thread 0x0000026c5b791380 5177       3       org.gradle.internal.serialize.kryo.KryoBackedEncoder::flush (8 bytes)
Event: 30.743 Thread 0x0000026c5b791380 nmethod 5177 0x0000026c4547c110 code [0x0000026c4547c2c0, 0x0000026c4547c428]
Event: 30.746 Thread 0x0000026c5b791380 5178       1       org.gradle.internal.component.external.model.DefaultModuleComponentIdentifier::getModuleIdentifier (5 bytes)
Event: 30.746 Thread 0x0000026c5b791380 nmethod 5178 0x0000026c4c7b3410 code [0x0000026c4c7b35a0, 0x0000026c4c7b3678]
Event: 30.747 Thread 0x0000026c5b791380 5179       3       com.google.common.cache.LocalCache$AccessQueue::contains (23 bytes)
Event: 30.748 Thread 0x0000026c5b791380 nmethod 5179 0x0000026c4547c510 code [0x0000026c4547c6c0, 0x0000026c4547ca08]

GC Heap History (20 events):
Event: 9.575 GC heap before
{Heap before GC invocations=3 (full 0):
 garbage-first heap   total 126976K, used 83415K [0x0000000080000000, 0x0000000100000000)
  region size 1024K, 44 young (45056K), 10 survivors (10240K)
 Metaspace       used 21133K, committed 21504K, reserved 1114112K
  class space    used 3150K, committed 3328K, reserved 1048576K
}
Event: 9.584 GC heap after
{Heap after GC invocations=4 (full 0):
 garbage-first heap   total 126976K, used 56674K [0x0000000080000000, 0x0000000100000000)
  region size 1024K, 7 young (7168K), 7 survivors (7168K)
 Metaspace       used 21133K, committed 21504K, reserved 1114112K
  class space    used 3150K, committed 3328K, reserved 1048576K
}
Event: 13.080 GC heap before
{Heap before GC invocations=5 (full 0):
 garbage-first heap   total 126976K, used 94562K [0x0000000080000000, 0x0000000100000000)
  region size 1024K, 45 young (46080K), 7 survivors (7168K)
 Metaspace       used 26705K, committed 27072K, reserved 1114112K
  class space    used 4007K, committed 4160K, reserved 1048576K
}
Event: 13.086 GC heap after
{Heap after GC invocations=6 (full 0):
 garbage-first heap   total 126976K, used 58823K [0x0000000080000000, 0x0000000100000000)
  region size 1024K, 3 young (3072K), 3 survivors (3072K)
 Metaspace       used 26705K, committed 27072K, reserved 1114112K
  class space    used 4007K, committed 4160K, reserved 1048576K
}
Event: 16.964 GC heap before
{Heap before GC invocations=6 (full 0):
 garbage-first heap   total 126976K, used 94663K [0x0000000080000000, 0x0000000100000000)
  region size 1024K, 40 young (40960K), 3 survivors (3072K)
 Metaspace       used 31729K, committed 32128K, reserved 1114112K
  class space    used 4493K, committed 4672K, reserved 1048576K
}
Event: 16.985 GC heap after
{Heap after GC invocations=7 (full 0):
 garbage-first heap   total 126976K, used 63960K [0x0000000080000000, 0x0000000100000000)
  region size 1024K, 6 young (6144K), 6 survivors (6144K)
 Metaspace       used 31729K, committed 32128K, reserved 1114112K
  class space    used 4493K, committed 4672K, reserved 1048576K
}
Event: 22.637 GC heap before
{Heap before GC invocations=8 (full 0):
 garbage-first heap   total 126976K, used 97752K [0x0000000080000000, 0x0000000100000000)
  region size 1024K, 37 young (37888K), 6 survivors (6144K)
 Metaspace       used 35989K, committed 36352K, reserved 1114112K
  class space    used 5024K, committed 5184K, reserved 1048576K
}
Event: 22.650 GC heap after
{Heap after GC invocations=9 (full 0):
 garbage-first heap   total 126976K, used 67019K [0x0000000080000000, 0x0000000100000000)
  region size 1024K, 4 young (4096K), 4 survivors (4096K)
 Metaspace       used 35989K, committed 36352K, reserved 1114112K
  class space    used 5024K, committed 5184K, reserved 1048576K
}
Event: 23.555 GC heap before
{Heap before GC invocations=10 (full 0):
 garbage-first heap   total 133120K, used 78283K [0x0000000080000000, 0x0000000100000000)
  region size 1024K, 5 young (5120K), 4 survivors (4096K)
 Metaspace       used 35989K, committed 36352K, reserved 1114112K
  class space    used 5024K, committed 5184K, reserved 1048576K
}
Event: 23.560 GC heap after
{Heap after GC invocations=11 (full 0):
 garbage-first heap   total 133120K, used 78365K [0x0000000080000000, 0x0000000100000000)
  region size 1024K, 1 young (1024K), 1 survivors (1024K)
 Metaspace       used 35989K, committed 36352K, reserved 1114112K
  class space    used 5024K, committed 5184K, reserved 1048576K
}
Event: 23.668 GC heap before
{Heap before GC invocations=12 (full 0):
 garbage-first heap   total 143360K, used 83485K [0x0000000080000000, 0x0000000100000000)
  region size 1024K, 2 young (2048K), 1 survivors (1024K)
 Metaspace       used 35989K, committed 36352K, reserved 1114112K
  class space    used 5024K, committed 5184K, reserved 1048576K
}
Event: 23.669 GC heap after
{Heap after GC invocations=13 (full 0):
 garbage-first heap   total 143360K, used 83669K [0x0000000080000000, 0x0000000100000000)
  region size 1024K, 1 young (1024K), 1 survivors (1024K)
 Metaspace       used 35989K, committed 36352K, reserved 1114112K
  class space    used 5024K, committed 5184K, reserved 1048576K
}
Event: 25.366 GC heap before
{Heap before GC invocations=14 (full 0):
 garbage-first heap   total 147456K, used 113365K [0x0000000080000000, 0x0000000100000000)
  region size 1024K, 25 young (25600K), 1 survivors (1024K)
 Metaspace       used 38386K, committed 38976K, reserved 1114112K
  class space    used 5241K, committed 5504K, reserved 1048576K
}
Event: 25.371 GC heap after
{Heap after GC invocations=15 (full 0):
 garbage-first heap   total 177152K, used 91938K [0x0000000080000000, 0x0000000100000000)
  region size 1024K, 4 young (4096K), 4 survivors (4096K)
 Metaspace       used 38386K, committed 38976K, reserved 1114112K
  class space    used 5241K, committed 5504K, reserved 1048576K
}
Event: 25.445 GC heap before
{Heap before GC invocations=15 (full 0):
 garbage-first heap   total 177152K, used 96034K [0x0000000080000000, 0x0000000100000000)
  region size 1024K, 8 young (8192K), 4 survivors (4096K)
 Metaspace       used 38436K, committed 38976K, reserved 1114112K
  class space    used 5248K, committed 5504K, reserved 1048576K
}
Event: 25.449 GC heap after
{Heap after GC invocations=16 (full 0):
 garbage-first heap   total 177152K, used 91875K [0x0000000080000000, 0x0000000100000000)
  region size 1024K, 1 young (1024K), 1 survivors (1024K)
 Metaspace       used 38436K, committed 38976K, reserved 1114112K
  class space    used 5248K, committed 5504K, reserved 1048576K
}
Event: 28.204 GC heap before
{Heap before GC invocations=16 (full 0):
 garbage-first heap   total 177152K, used 111331K [0x0000000080000000, 0x0000000100000000)
  region size 1024K, 21 young (21504K), 1 survivors (1024K)
 Metaspace       used 40059K, committed 40640K, reserved 1114112K
  class space    used 5525K, committed 5824K, reserved 1048576K
}
Event: 28.208 GC heap after
{Heap after GC invocations=17 (full 0):
 garbage-first heap   total 177152K, used 93489K [0x0000000080000000, 0x0000000100000000)
  region size 1024K, 3 young (3072K), 3 survivors (3072K)
 Metaspace       used 40059K, committed 40640K, reserved 1114112K
  class space    used 5525K, committed 5824K, reserved 1048576K
}
Event: 28.331 GC heap before
{Heap before GC invocations=18 (full 0):
 garbage-first heap   total 177152K, used 99633K [0x0000000080000000, 0x0000000100000000)
  region size 1024K, 4 young (4096K), 3 survivors (3072K)
 Metaspace       used 40059K, committed 40640K, reserved 1114112K
  class space    used 5525K, committed 5824K, reserved 1048576K
}
Event: 28.336 GC heap after
{Heap after GC invocations=19 (full 0):
 garbage-first heap   total 177152K, used 99731K [0x0000000080000000, 0x0000000100000000)
  region size 1024K, 3 young (3072K), 3 survivors (3072K)
 Metaspace       used 40059K, committed 40640K, reserved 1114112K
  class space    used 5525K, committed 5824K, reserved 1048576K
}

Dll operation events (12 events):
Event: 0.023 Loaded shared library C:\Users\Jacko Tinoco\.jdks\liberica-17.0.7\bin\java.dll
Event: 0.040 Loaded shared library C:\Users\Jacko Tinoco\.jdks\liberica-17.0.7\bin\jsvml.dll
Event: 0.117 Loaded shared library C:\Users\Jacko Tinoco\.jdks\liberica-17.0.7\bin\net.dll
Event: 0.119 Loaded shared library C:\Users\Jacko Tinoco\.jdks\liberica-17.0.7\bin\nio.dll
Event: 0.132 Loaded shared library C:\Users\Jacko Tinoco\.jdks\liberica-17.0.7\bin\zip.dll
Event: 0.906 Loaded shared library C:\Users\Jacko Tinoco\.jdks\liberica-17.0.7\bin\jimage.dll
Event: 1.006 Loaded shared library C:\Users\Jacko Tinoco\.jdks\liberica-17.0.7\bin\verify.dll
Event: 1.309 Loaded shared library C:\Users\Jacko Tinoco\.gradle\native\68d5fa5c4cc2d200863cafc0d521ce42e7d3e7ee720ec0a83991735586a16f82\windows-amd64\native-platform.dll
Event: 1.334 Loaded shared library C:\Users\Jacko Tinoco\.gradle\native\e376f236ea51e6404a007f0833ffe2c6e607c4080706a723a18a27aeea778392\windows-amd64\native-platform-file-events.dll
Event: 3.419 Loaded shared library C:\Users\Jacko Tinoco\.jdks\liberica-17.0.7\bin\management.dll
Event: 3.430 Loaded shared library C:\Users\Jacko Tinoco\.jdks\liberica-17.0.7\bin\management_ext.dll
Event: 4.799 Loaded shared library C:\Users\Jacko Tinoco\.jdks\liberica-17.0.7\bin\sunmscapi.dll

Deoptimization events (20 events):
Event: 29.786 Thread 0x0000026c614a2400 Uncommon trap: trap_request=0xffffff45 fr.pc=0x0000026c4c4ee8e4 relative=0x00000000000001c4
Event: 29.786 Thread 0x0000026c614a2400 Uncommon trap: reason=unstable_if action=reinterpret pc=0x0000026c4c4ee8e4 method=java.net.URI$Parser.scan(IILjava/lang/String;)I @ 26 c2
Event: 29.786 Thread 0x0000026c614a2400 DEOPT PACKING pc=0x0000026c4c4ee8e4 sp=0x000000eddfcf8150
Event: 29.786 Thread 0x0000026c614a2400 DEOPT UNPACKING pc=0x0000026c4bf4a1a3 sp=0x000000eddfcf80e0 mode 2
Event: 29.786 Thread 0x0000026c614a2400 Uncommon trap: trap_request=0xffffff45 fr.pc=0x0000026c4c4e9cb4 relative=0x0000000000000134
Event: 29.786 Thread 0x0000026c614a2400 Uncommon trap: reason=unstable_if action=reinterpret pc=0x0000026c4c4e9cb4 method=java.net.URI.match(CJJ)Z @ 45 c2
Event: 29.786 Thread 0x0000026c614a2400 DEOPT PACKING pc=0x0000026c4c4e9cb4 sp=0x000000eddfcf7ec0
Event: 29.786 Thread 0x0000026c614a2400 DEOPT UNPACKING pc=0x0000026c4bf4a1a3 sp=0x000000eddfcf7df8 mode 2
Event: 29.792 Thread 0x0000026c614a2400 Uncommon trap: trap_request=0xffffff45 fr.pc=0x0000026c4c4b3ea8 relative=0x00000000000000a8
Event: 29.792 Thread 0x0000026c614a2400 Uncommon trap: reason=unstable_if action=reinterpret pc=0x0000026c4c4b3ea8 method=java.net.URI.match(CJJ)Z @ 45 c2
Event: 29.792 Thread 0x0000026c614a2400 DEOPT PACKING pc=0x0000026c4c4b3ea8 sp=0x000000eddfcf7e50
Event: 29.792 Thread 0x0000026c614a2400 DEOPT UNPACKING pc=0x0000026c4bf4a1a3 sp=0x000000eddfcf7e00 mode 2
Event: 30.070 Thread 0x0000026c614a2400 Uncommon trap: trap_request=0xffffff45 fr.pc=0x0000026c4c4eb084 relative=0x00000000000001e4
Event: 30.070 Thread 0x0000026c614a2400 Uncommon trap: reason=unstable_if action=reinterpret pc=0x0000026c4c4eb084 method=java.net.URI$Parser.scan(IILjava/lang/String;)I @ 26 c2
Event: 30.070 Thread 0x0000026c614a2400 DEOPT PACKING pc=0x0000026c4c4eb084 sp=0x000000eddfcf7c50
Event: 30.070 Thread 0x0000026c614a2400 DEOPT UNPACKING pc=0x0000026c4bf4a1a3 sp=0x000000eddfcf7c00 mode 2
Event: 30.575 Thread 0x0000026c614a2400 Uncommon trap: trap_request=0xffffffcc fr.pc=0x0000026c4c7adbe8 relative=0x0000000000000348
Event: 30.575 Thread 0x0000026c614a2400 Uncommon trap: reason=intrinsic_or_type_checked_inlining action=make_not_entrant pc=0x0000026c4c7adbe8 method=java.util.Arrays.copyOf([Ljava/lang/Object;ILjava/lang/Class;)[Ljava/lang/Object; @ 35 c2
Event: 30.575 Thread 0x0000026c614a2400 DEOPT PACKING pc=0x0000026c4c7adbe8 sp=0x000000eddfcf7a80
Event: 30.575 Thread 0x0000026c614a2400 DEOPT UNPACKING pc=0x0000026c4bf4a1a3 sp=0x000000eddfcf7a10 mode 2

Classes unloaded (0 events):
No events

Classes redefined (0 events):
No events

Internal exceptions (20 events):
Event: 28.809 Thread 0x0000026c614a2400 Exception <a 'java/lang/NoSuchMethodError'{0x000000008a3cf540}: 'java.lang.Object java.lang.invoke.DelegatingMethodHandle$Holder.delegate(java.lang.Object, java.lang.Object, java.lang.Object, java.lang.Object, java.lang.Object, java.lang.Object, java.lang.Object, java.lang.Object, java.lang.Object, java.lang.Object, java.lang.Object, java.lang.Object, java.lang.Object, java.lang.Object, java.lang.Object, java.lang.Object, java.lang.Object, java.lang.Object, java.lang.Object, java.lang.Object, java.lang.Obj
Event: 28.826 Thread 0x0000026c614a2400 Exception <a 'java/lang/NoSuchMethodError'{0x000000008a249af8}: 'java.lang.Object java.lang.invoke.DirectMethodHandle$Holder.invokeStatic(java.lang.Object, java.lang.Object, java.lang.Object, java.lang.Object, java.lang.Object, java.lang.Object, java.lang.Object, java.lang.Object, java.lang.Object, java.lang.Object, java.lang.Object, java.lang.Object, java.lang.Object, java.lang.Object, java.lang.Object, java.lang.Object, java.lang.Object)'> (0x000000008a249af8) 
thrown [s\src\hotspot\share\interpreter\lin
Event: 28.831 Thread 0x0000026c614a2400 Exception <a 'java/lang/NoSuchMethodError'{0x000000008a272460}: 'java.lang.Object java.lang.invoke.DirectMethodHandle$Holder.invokeStatic(java.lang.Object, java.lang.Object, java.lang.Object, java.lang.Object, java.lang.Object, java.lang.Object, java.lang.Object, java.lang.Object, java.lang.Object, java.lang.Object, java.lang.Object, java.lang.Object, java.lang.Object, java.lang.Object, java.lang.Object, java.lang.Object, java.lang.Object, java.lang.Object)'> (0x000000008a272460) 
thrown [s\src\hotspot\sha
Event: 28.835 Thread 0x0000026c614a2400 Exception <a 'java/lang/NoSuchMethodError'{0x000000008a29ba38}: 'java.lang.Object java.lang.invoke.DirectMethodHandle$Holder.invokeStatic(java.lang.Object, java.lang.Object, java.lang.Object, java.lang.Object, java.lang.Object, java.lang.Object, java.lang.Object, java.lang.Object, java.lang.Object, java.lang.Object, java.lang.Object, java.lang.Object, java.lang.Object, java.lang.Object, java.lang.Object, java.lang.Object, java.lang.Object, java.lang.Object, java.lang.Object)'> (0x000000008a29ba38) 
thrown 
Event: 28.843 Thread 0x0000026c614a2400 Exception <a 'java/lang/NoSuchMethodError'{0x000000008a2c6088}: 'java.lang.Object java.lang.invoke.DirectMethodHandle$Holder.invokeStatic(java.lang.Object, java.lang.Object, java.lang.Object, java.lang.Object, java.lang.Object, java.lang.Object, java.lang.Object, java.lang.Object, java.lang.Object, java.lang.Object, java.lang.Object, java.lang.Object, java.lang.Object, java.lang.Object, java.lang.Object, java.lang.Object, java.lang.Object, java.lang.Object, java.lang.Object, java.lang.Object)'> (0x00000000
Event: 28.847 Thread 0x0000026c614a2400 Exception <a 'java/lang/NoSuchMethodError'{0x000000008a2f1948}: 'java.lang.Object java.lang.invoke.DirectMethodHandle$Holder.invokeStatic(java.lang.Object, java.lang.Object, java.lang.Object, java.lang.Object, java.lang.Object, java.lang.Object, java.lang.Object, java.lang.Object, java.lang.Object, java.lang.Object, java.lang.Object, java.lang.Object, java.lang.Object, java.lang.Object, java.lang.Object, java.lang.Object, java.lang.Object, java.lang.Object, java.lang.Object, java.lang.Object, java.lang.Obj
Event: 28.850 Thread 0x0000026c614a2400 Exception <a 'java/lang/NoSuchMethodError'{0x000000008a11e480}: 'java.lang.Object java.lang.invoke.DirectMethodHandle$Holder.invokeStatic(java.lang.Object, java.lang.Object, java.lang.Object, java.lang.Object, java.lang.Object, java.lang.Object, java.lang.Object, java.lang.Object, java.lang.Object, java.lang.Object, java.lang.Object, java.lang.Object, java.lang.Object, java.lang.Object, java.lang.Object, java.lang.Object, java.lang.Object, java.lang.Object, java.lang.Object, java.lang.Object, java.lang.Obj
Event: 28.864 Thread 0x0000026c614a2400 Exception <a 'java/lang/NoSuchMethodError'{0x000000008a14bfa0}: 'java.lang.Object java.lang.invoke.DirectMethodHandle$Holder.invokeStatic(java.lang.Object, java.lang.Object, java.lang.Object, java.lang.Object, java.lang.Object, java.lang.Object, java.lang.Object, java.lang.Object, java.lang.Object, java.lang.Object, java.lang.Object, java.lang.Object, java.lang.Object, java.lang.Object, java.lang.Object, java.lang.Object, java.lang.Object, java.lang.Object, java.lang.Object, java.lang.Object, java.lang.Obj
Event: 28.871 Thread 0x0000026c614a2400 Exception <a 'java/lang/NoSuchMethodError'{0x000000008a17b340}: 'java.lang.Object java.lang.invoke.DirectMethodHandle$Holder.invokeStatic(java.lang.Object, java.lang.Object, java.lang.Object, java.lang.Object, java.lang.Object, java.lang.Object, java.lang.Object, java.lang.Object, java.lang.Object, java.lang.Object, java.lang.Object, java.lang.Object, java.lang.Object, java.lang.Object, java.lang.Object, java.lang.Object, java.lang.Object, java.lang.Object, java.lang.Object, java.lang.Object, java.lang.Obj
Event: 29.640 Thread 0x0000026c614a2400 Exception <a 'java/lang/ClassNotFoundException'{0x0000000089af0768}: build_e9tlek6wzh6jhvzhgc642btz8BeanInfo> (0x0000000089af0768) 
thrown [s\src\hotspot\share\classfile\systemDictionary.cpp, line 256]
Event: 29.640 Thread 0x0000026c614a2400 Exception <a 'java/lang/ClassNotFoundException'{0x0000000089afbcd8}: org/gradle/api/internal/project/ProjectScriptBeanInfo> (0x0000000089afbcd8) 
thrown [s\src\hotspot\share\classfile\systemDictionary.cpp, line 256]
Event: 29.641 Thread 0x0000026c614a2400 Exception <a 'java/lang/ClassNotFoundException'{0x00000000899074a8}: org/gradle/api/internal/project/ProjectScriptCustomizer> (0x00000000899074a8) 
thrown [s\src\hotspot\share\classfile\systemDictionary.cpp, line 256]
Event: 29.643 Thread 0x0000026c614a2400 Exception <a 'java/lang/ClassNotFoundException'{0x000000008991e980}: build_e9tlek6wzh6jhvzhgc642btz8Customizer> (0x000000008991e980) 
thrown [s\src\hotspot\share\classfile\systemDictionary.cpp, line 256]
Event: 29.678 Thread 0x0000026c614a2400 Exception <a 'java/lang/ClassNotFoundException'{0x0000000089993608}: org/gradle/plugin/use/internal/PluginRequestCollector$PluginDependenciesSpecImplBeanInfo> (0x0000000089993608) 
thrown [s\src\hotspot\share\classfile\systemDictionary.cpp, line 256]
Event: 29.679 Thread 0x0000026c614a2400 Exception <a 'java/lang/ClassNotFoundException'{0x00000000899a59c8}: org/gradle/plugin/use/internal/PluginRequestCollector$PluginDependenciesSpecImplCustomizer> (0x00000000899a59c8) 
thrown [s\src\hotspot\share\classfile\systemDictionary.cpp, line 256]
Event: 29.701 Thread 0x0000026c614a2400 Exception <a 'java/lang/ClassNotFoundException'{0x00000000899df2c0}: org/gradle/plugin/use/internal/PluginRequestCollector$PluginDependencySpecImplBeanInfo> (0x00000000899df2c0) 
thrown [s\src\hotspot\share\classfile\systemDictionary.cpp, line 256]
Event: 29.702 Thread 0x0000026c614a2400 Exception <a 'java/lang/ClassNotFoundException'{0x00000000899f10d0}: org/gradle/plugin/use/internal/PluginRequestCollector$PluginDependencySpecImplCustomizer> (0x00000000899f10d0) 
thrown [s\src\hotspot\share\classfile\systemDictionary.cpp, line 256]
Event: 30.453 Thread 0x0000026c614a2400 Exception <a 'java/lang/NoSuchMethodError'{0x00000000890cf010}: 'java.lang.Object java.lang.invoke.DirectMethodHandle$Holder.newInvokeSpecial(java.lang.Object, java.lang.Object, java.lang.Object, java.lang.Object, java.lang.Object, int)'> (0x00000000890cf010) 
thrown [s\src\hotspot\share\interpreter\linkResolver.cpp, line 759]
Event: 30.454 Thread 0x0000026c614a2400 Exception <a 'java/lang/NoSuchMethodError'{0x00000000890d4668}: 'java.lang.Object java.lang.invoke.DirectMethodHandle$Holder.invokeSpecial(java.lang.Object, java.lang.Object, java.lang.Object, java.lang.Object, java.lang.Object, java.lang.Object, int)'> (0x00000000890d4668) 
thrown [s\src\hotspot\share\interpreter\linkResolver.cpp, line 759]
Event: 30.469 Thread 0x0000026c614a2400 Exception <a 'java/lang/NoSuchMethodError'{0x0000000088f6e5d8}: 'void java.lang.invoke.DirectMethodHandle$Holder.invokeStatic(java.lang.Object, java.lang.Object, java.lang.Object, int, java.lang.Object)'> (0x0000000088f6e5d8) 
thrown [s\src\hotspot\share\interpreter\linkResolver.cpp, line 759]

VM Operations (20 events):
Event: 27.467 Executing VM operation: Cleanup
Event: 27.484 Executing VM operation: Cleanup done
Event: 28.036 Executing VM operation: HandshakeAllThreads
Event: 28.036 Executing VM operation: HandshakeAllThreads done
Event: 28.203 Executing VM operation: G1TryInitiateConcMark
Event: 28.211 Executing VM operation: G1TryInitiateConcMark done
Event: 28.239 Executing VM operation: G1Concurrent
Event: 28.244 Executing VM operation: G1Concurrent done
Event: 28.254 Executing VM operation: G1Concurrent
Event: 28.255 Executing VM operation: G1Concurrent done
Event: 28.331 Executing VM operation: G1TryInitiateConcMark
Event: 28.336 Executing VM operation: G1TryInitiateConcMark done
Event: 28.364 Executing VM operation: G1Concurrent
Event: 28.370 Executing VM operation: G1Concurrent done
Event: 28.380 Executing VM operation: G1Concurrent
Event: 28.381 Executing VM operation: G1Concurrent done
Event: 28.975 Executing VM operation: HandshakeAllThreads
Event: 28.976 Executing VM operation: HandshakeAllThreads done
Event: 29.980 Executing VM operation: Cleanup
Event: 29.982 Executing VM operation: Cleanup done

Events (20 events):
Event: 29.837 loading class javax/net/ssl/HostnameVerifier
Event: 29.839 loading class javax/net/ssl/HostnameVerifier done
Event: 29.847 loading class javax/net/ssl/TrustManager
Event: 29.847 loading class javax/net/ssl/TrustManager done
Event: 29.847 loading class javax/net/ssl/X509TrustManager
Event: 29.848 loading class javax/net/ssl/X509TrustManager done
Event: 29.852 loading class javax/net/ssl/SSLException
Event: 29.852 loading class javax/net/ssl/SSLException done
Event: 29.852 loading class javax/net/ssl/SSLPeerUnverifiedException
Event: 29.853 loading class javax/net/ssl/SSLPeerUnverifiedException done
Event: 29.853 loading class java/security/cert/CertificateParsingException
Event: 29.857 loading class java/security/cert/CertificateException
Event: 29.859 loading class java/security/cert/CertificateException done
Event: 29.859 loading class java/security/cert/CertificateParsingException done
Event: 29.859 loading class javax/naming/NamingException
Event: 29.860 loading class javax/naming/NamingException done
Event: 29.861 loading class javax/naming/InvalidNameException
Event: 29.861 loading class javax/naming/InvalidNameException done
Event: 30.555 loading class java/util/Collections$2
Event: 30.555 loading class java/util/Collections$2 done


Dynamic libraries:
0x00007ff66a3c0000 - 0x00007ff66a3cd000 	C:\Users\Jacko Tinoco\.jdks\liberica-17.0.7\bin\java.exe
0x00007ff916ef0000 - 0x00007ff917104000 	C:\WINDOWS\SYSTEM32\ntdll.dll
0x00007ff916b00000 - 0x00007ff916bc2000 	C:\WINDOWS\System32\KERNEL32.DLL
0x00007ff914500000 - 0x00007ff9148a3000 	C:\WINDOWS\System32\KERNELBASE.dll
0x00007ff9148b0000 - 0x00007ff9149c1000 	C:\WINDOWS\System32\ucrtbase.dll
0x00007ff8fb1b0000 - 0x00007ff8fb1c5000 	C:\Users\Jacko Tinoco\.jdks\liberica-17.0.7\bin\VCRUNTIME140.dll
0x00007ff8fb1d0000 - 0x00007ff8fb1e7000 	C:\Users\Jacko Tinoco\.jdks\liberica-17.0.7\bin\jli.dll
0x00007ff916630000 - 0x00007ff9167db000 	C:\WINDOWS\System32\USER32.dll
0x00007ff914310000 - 0x00007ff914336000 	C:\WINDOWS\System32\win32u.dll
0x00007ff915ac0000 - 0x00007ff915ae9000 	C:\WINDOWS\System32\GDI32.dll
0x00007ff914340000 - 0x00007ff914458000 	C:\WINDOWS\System32\gdi32full.dll
0x00007ff8f6170000 - 0x00007ff8f63fe000 	C:\WINDOWS\WinSxS\amd64_microsoft.windows.common-controls_6595b64144ccf1df_6.0.22621.1635_none_270f70857386168e\COMCTL32.dll
0x00007ff914460000 - 0x00007ff9144fa000 	C:\WINDOWS\System32\msvcp_win.dll
0x00007ff915850000 - 0x00007ff9158f7000 	C:\WINDOWS\System32\msvcrt.dll
0x00007ff915b10000 - 0x00007ff915b41000 	C:\WINDOWS\System32\IMM32.DLL
0x00007ff8ea800000 - 0x00007ff8ea89b000 	C:\Users\Jacko Tinoco\.jdks\liberica-17.0.7\bin\msvcp140.dll
0x00007ff897190000 - 0x00007ff897db2000 	C:\Users\Jacko Tinoco\.jdks\liberica-17.0.7\bin\server\jvm.dll
0x00007ff9157a0000 - 0x00007ff91584e000 	C:\WINDOWS\System32\ADVAPI32.dll
0x00007ff915a10000 - 0x00007ff915ab4000 	C:\WINDOWS\System32\sechost.dll
0x00007ff914cf0000 - 0x00007ff914e07000 	C:\WINDOWS\System32\RPCRT4.dll
0x00007ff90a6f0000 - 0x00007ff90a6fa000 	C:\WINDOWS\SYSTEM32\VERSION.dll
0x00007ff8ed7a0000 - 0x00007ff8ed7a9000 	C:\WINDOWS\SYSTEM32\WSOCK32.dll
0x00007ff90aa40000 - 0x00007ff90aa74000 	C:\WINDOWS\SYSTEM32\WINMM.dll
0x00007ff916a20000 - 0x00007ff916a91000 	C:\WINDOWS\System32\WS2_32.dll
0x00007ff913430000 - 0x00007ff913448000 	C:\WINDOWS\SYSTEM32\kernel.appcore.dll
0x00007ff90cec0000 - 0x00007ff90ceca000 	C:\Users\Jacko Tinoco\.jdks\liberica-17.0.7\bin\jimage.dll
0x00007ff911cc0000 - 0x00007ff911eee000 	C:\WINDOWS\SYSTEM32\DBGHELP.DLL
0x00007ff916100000 - 0x00007ff916489000 	C:\WINDOWS\System32\combase.dll
0x00007ff915b50000 - 0x00007ff915c27000 	C:\WINDOWS\System32\OLEAUT32.dll
0x00007ff908090000 - 0x00007ff9080c2000 	C:\WINDOWS\SYSTEM32\dbgcore.DLL
0x00007ff914c70000 - 0x00007ff914ceb000 	C:\WINDOWS\System32\bcryptPrimitives.dll
0x00007ff8eb370000 - 0x00007ff8eb395000 	C:\Users\Jacko Tinoco\.jdks\liberica-17.0.7\bin\java.dll
0x00007ff8ac070000 - 0x00007ff8ac146000 	C:\Users\Jacko Tinoco\.jdks\liberica-17.0.7\bin\jsvml.dll
0x00007ff914f10000 - 0x00007ff91570a000 	C:\WINDOWS\System32\SHELL32.dll
0x00007ff9122d0000 - 0x00007ff912b9e000 	C:\WINDOWS\SYSTEM32\windows.storage.dll
0x00007ff912190000 - 0x00007ff9122ce000 	C:\WINDOWS\SYSTEM32\wintypes.dll
0x00007ff914e10000 - 0x00007ff914f01000 	C:\WINDOWS\System32\SHCORE.dll
0x00007ff9159b0000 - 0x00007ff915a0e000 	C:\WINDOWS\System32\shlwapi.dll
0x00007ff914240000 - 0x00007ff914261000 	C:\WINDOWS\SYSTEM32\profapi.dll
0x00007ff8eb160000 - 0x00007ff8eb179000 	C:\Users\Jacko Tinoco\.jdks\liberica-17.0.7\bin\net.dll
0x00007ff90c7c0000 - 0x00007ff90c8f7000 	C:\WINDOWS\SYSTEM32\WINHTTP.dll
0x00007ff9138c0000 - 0x00007ff913929000 	C:\WINDOWS\system32\mswsock.dll
0x00007ff8eaf90000 - 0x00007ff8eafa5000 	C:\Users\Jacko Tinoco\.jdks\liberica-17.0.7\bin\nio.dll
0x00007ff8ea930000 - 0x00007ff8ea948000 	C:\Users\Jacko Tinoco\.jdks\liberica-17.0.7\bin\zip.dll
0x00007ff8fcfd0000 - 0x00007ff8fcfe0000 	C:\Users\Jacko Tinoco\.jdks\liberica-17.0.7\bin\verify.dll
0x00007ff8ea900000 - 0x00007ff8ea927000 	C:\Users\Jacko Tinoco\.gradle\native\68d5fa5c4cc2d200863cafc0d521ce42e7d3e7ee720ec0a83991735586a16f82\windows-amd64\native-platform.dll
0x00007ff8a2c50000 - 0x00007ff8a2d94000 	C:\Users\Jacko Tinoco\.gradle\native\e376f236ea51e6404a007f0833ffe2c6e607c4080706a723a18a27aeea778392\windows-amd64\native-platform-file-events.dll
0x00007ff8fcc90000 - 0x00007ff8fcc99000 	C:\Users\Jacko Tinoco\.jdks\liberica-17.0.7\bin\management.dll
0x00007ff8fc040000 - 0x00007ff8fc04b000 	C:\Users\Jacko Tinoco\.jdks\liberica-17.0.7\bin\management_ext.dll
0x00007ff915b00000 - 0x00007ff915b08000 	C:\WINDOWS\System32\PSAPI.DLL
0x00007ff913b20000 - 0x00007ff913b3b000 	C:\WINDOWS\SYSTEM32\CRYPTSP.dll
0x00007ff9133a0000 - 0x00007ff9133d5000 	C:\WINDOWS\system32\rsaenh.dll
0x00007ff9139c0000 - 0x00007ff9139e8000 	C:\WINDOWS\SYSTEM32\USERENV.dll
0x00007ff913ce0000 - 0x00007ff913d08000 	C:\WINDOWS\SYSTEM32\bcrypt.dll
0x00007ff913b40000 - 0x00007ff913b4c000 	C:\WINDOWS\SYSTEM32\CRYPTBASE.dll
0x00007ff912df0000 - 0x00007ff912e1d000 	C:\WINDOWS\SYSTEM32\IPHLPAPI.DLL
0x00007ff915af0000 - 0x00007ff915af9000 	C:\WINDOWS\System32\NSI.dll
0x00007ff90b540000 - 0x00007ff90b559000 	C:\WINDOWS\SYSTEM32\dhcpcsvc6.DLL
0x00007ff90b3c0000 - 0x00007ff90b3df000 	C:\WINDOWS\SYSTEM32\dhcpcsvc.DLL
0x00007ff912e20000 - 0x00007ff912f13000 	C:\WINDOWS\SYSTEM32\DNSAPI.dll
0x00007ff8fb830000 - 0x00007ff8fb83e000 	C:\Users\Jacko Tinoco\.jdks\liberica-17.0.7\bin\sunmscapi.dll
0x00007ff914a40000 - 0x00007ff914ba7000 	C:\WINDOWS\System32\CRYPT32.dll
0x00007ff913cb0000 - 0x00007ff913cde000 	C:\WINDOWS\SYSTEM32\ncrypt.dll
0x00007ff913c70000 - 0x00007ff913ca7000 	C:\WINDOWS\SYSTEM32\NTASN1.dll
0x00007ff9080f0000 - 0x00007ff9080f8000 	C:\WINDOWS\system32\wshunix.dll

dbghelp: loaded successfully - version: 4.0.5 - missing functions: none
symbol engine: initialized successfully - sym options: 0x614 - pdb path: .;C:\Users\Jacko Tinoco\.jdks\liberica-17.0.7\bin;C:\WINDOWS\SYSTEM32;C:\WINDOWS\WinSxS\amd64_microsoft.windows.common-controls_6595b64144ccf1df_6.0.22621.1635_none_270f70857386168e;C:\Users\Jacko Tinoco\.jdks\liberica-17.0.7\bin\server;C:\Users\Jacko Tinoco\.gradle\native\68d5fa5c4cc2d200863cafc0d521ce42e7d3e7ee720ec0a83991735586a16f82\windows-amd64;C:\Users\Jacko Tinoco\.gradle\native\e376f236ea51e6404a007f0833ffe2c6e607c4080706a723a18a27aeea778392\windows-amd64

VM Arguments:
jvm_args: --add-opens=java.base/java.util=ALL-UNNAMED --add-opens=java.base/java.lang=ALL-UNNAMED --add-opens=java.base/java.lang.invoke=ALL-UNNAMED --add-opens=java.prefs/java.util.prefs=ALL-UNNAMED --add-opens=java.base/java.nio.charset=ALL-UNNAMED --add-opens=java.base/java.net=ALL-UNNAMED --add-opens=java.base/java.util.concurrent.atomic=ALL-UNNAMED -Xmx2048m -Dfile.encoding=UTF-8 -Duser.country=ES -Duser.language=es -Duser.variant 
java_command: org.gradle.launcher.daemon.bootstrap.GradleDaemon 8.0
java_class_path (initial): C:\Users\Jacko Tinoco\.gradle\wrapper\dists\gradle-8.0-bin\ca5e32bp14vu59qr306oxotwh\gradle-8.0\lib\gradle-launcher-8.0.jar
Launcher Type: SUN_STANDARD

[Global flags]
     intx CICompilerCount                          = 4                                         {product} {ergonomic}
     uint ConcGCThreads                            = 3                                         {product} {ergonomic}
     uint G1ConcRefinementThreads                  = 10                                        {product} {ergonomic}
   size_t G1HeapRegionSize                         = 1048576                                   {product} {ergonomic}
    uintx GCDrainStackTargetSize                   = 64                                        {product} {ergonomic}
   size_t InitialHeapSize                          = 130023424                                 {product} {ergonomic}
   size_t MarkStackSize                            = 4194304                                   {product} {ergonomic}
   size_t MaxHeapSize                              = 2147483648                                {product} {command line}
   size_t MaxNewSize                               = 1287651328                                {product} {ergonomic}
   size_t MinHeapDeltaBytes                        = 1048576                                   {product} {ergonomic}
   size_t MinHeapSize                              = 8388608                                   {product} {ergonomic}
    uintx NonNMethodCodeHeapSize                   = 5839372                                {pd product} {ergonomic}
    uintx NonProfiledCodeHeapSize                  = 122909434                              {pd product} {ergonomic}
    uintx ProfiledCodeHeapSize                     = 122909434                              {pd product} {ergonomic}
    uintx ReservedCodeCacheSize                    = 251658240                              {pd product} {ergonomic}
     bool SegmentedCodeCache                       = true                                      {product} {ergonomic}
   size_t SoftMaxHeapSize                          = 2147483648                             {manageable} {ergonomic}
     bool UseCompressedClassPointers               = true                           {product lp64_product} {ergonomic}
     bool UseCompressedOops                        = true                           {product lp64_product} {ergonomic}
     bool UseG1GC                                  = true                                      {product} {ergonomic}
     bool UseLargePagesIndividualAllocation        = false                                  {pd product} {ergonomic}

Logging:
Log output configuration:
 #0: stdout all=warning uptime,level,tags
 #1: stderr all=off uptime,level,tags

Environment Variables:
JAVA_HOME=C:\Program Files\Java\jdk-17
PATH=C:\Program Files\Common Files\Oracle\Java\javapath;C:\Users\Jacko Tinoco\AppData\Local\Programs\Python\Python311\Scripts\;C:\Users\Jacko Tinoco\AppData\Local\Programs\Python\Python311\;C:\Program Files (x86)\VMware\VMware Workstation\bin\;C:\app\Jacko_Tinoco\product\21c\dbhomeXE\bin;C:\Program Files (x86)\Common Files\Oracle\Java\javapath;C:\Windows\system32;C:\Windows;C:\Windows\System32\Wbem;C:\Windows\System32\WindowsPowerShell\v1.0\;C:\Windows\System32\OpenSSH\;C:\Program Files (x86)\NVIDIA Corporation\PhysX\Common;C:\Program Files\NVIDIA Corporation\NVIDIA NvDLISR;C:\WINDOWS\system32;C:\WINDOWS;C:\WINDOWS\System32\Wbem;C:\WINDOWS\System32\WindowsPowerShell\v1.0\;C:\WINDOWS\System32\OpenSSH\;C:\Program Files\Git\cmd;C:\Program Files\Java\jdk-17.0.2\bin;C:\xampp\php;C:\ProgramData\ComposerSetup\bin;C:\bin\apache-maven-3.9.1\bin;C:\ProgramData\chocolatey\bin;C:\Program Files\nodejs\;C:\Program Files\Java\jdk-17\bin;C:\Users\Jacko Tinoco\AppData\Local\Programs\Python\Python311\Scripts\;C:\Users\Jacko Tinoco\AppData\Local\Programs\Python\Python311\;C:\Users\Jacko Tinoco\AppData\Local\Programs\Python\Python39\Scripts\;C:\Users\Jacko Tinoco\AppData\Local\Programs\Python\Python39\;C:\Users\Jacko Tinoco\AppData\Local\Microsoft\WindowsApps;C:\Users\Jacko Tinoco\AppData\Local\Programs\Microsoft VS Code\bin;C:\Program Files\MongoDB\Server\5.0\bin;C:\Users\Jacko Tinoco\AppData\Roaming\Composer\vendor\bin;C:\Users\Jacko Tinoco\AppData\Roaming\npm;C:\Program Files\JetBrains\IntelliJ IDEA Community Edition 2023.1.2\bin;
USERNAME=Jacko_Tinoco
OS=Windows_NT
PROCESSOR_IDENTIFIER=Intel64 Family 6 Model 141 Stepping 1, GenuineIntel
TMP=C:\Users\JACKOT~1\AppData\Local\Temp
TEMP=C:\Users\JACKOT~1\AppData\Local\Temp



---------------  S Y S T E M  ---------------

OS:
 Windows 11 , 64 bit Build 22621 (10.0.22621.1635)
OS uptime: 0 days 9:45 hours
Hyper-V role detected

CPU: total 12 (initial active 12) (6 cores per cpu, 2 threads per core) family 6 model 141 stepping 1 microcode 0x34, cx8, cmov, fxsr, ht, mmx, 3dnowpref, sse, sse2, sse3, ssse3, sse4.1, sse4.2, popcnt, lzcnt, tsc, tscinvbit, avx, avx2, aes, erms, clmul, bmi1, bmi2, adx, avx512f, avx512dq, avx512cd, avx512bw, avx512vl, sha, fma, vzeroupper, avx512_vpopcntdq, avx512_vpclmulqdq, avx512_vaes, avx512_vnni, clflush, clflushopt, clwb, avx512_vbmi2, avx512_vbmi, hv

Memory: 4k page, system-wide physical 7930M (263M free)
TotalPageFile size 23930M (AvailPageFile size 261M)
current process WorkingSet (physical memory assigned to process): 173M, peak: 203M
current process commit charge ("private bytes"): 358M, peak: 386M

vm_info: OpenJDK 64-Bit Server VM (17.0.7+7-LTS) for windows-amd64 JRE (17.0.7+7-LTS), built on Apr 18 2023 18:44:51 by "" with MS VC++ 15.9 (VS2017)

END.
